[2023-11-01 18:51:16] production.ERROR: SQLSTATE[HY000] [2002] No connection could be made because the target machine actively refused it (SQL: select * from `static_options` where `option_name` = home_page_variant limit 1) {"exception":"[object] (Illuminate\\Database\\QueryException(code: 2002): SQLSTATE[HY000] [2002] No connection could be made because the target machine actively refused it (SQL: select * from `static_options` where `option_name` = home_page_variant limit 1) at C:\\laragon\\www\\courses\\@core\\vendor\\laravel\\framework\\src\\Illuminate\\Database\\Connection.php:760)
[stacktrace]
#0 C:\\laragon\\www\\courses\\@core\\vendor\\laravel\\framework\\src\\Illuminate\\Database\\Connection.php(720): Illuminate\\Database\\Connection->runQueryCallback('select * from `...', Array, Object(Closure))
#1 C:\\laragon\\www\\courses\\@core\\vendor\\laravel\\framework\\src\\Illuminate\\Database\\Connection.php(422): Illuminate\\Database\\Connection->run('select * from `...', Array, Object(Closure))
#2 C:\\laragon\\www\\courses\\@core\\vendor\\laravel\\framework\\src\\Illuminate\\Database\\Query\\Builder.php(2654): Illuminate\\Database\\Connection->select('select * from `...', Array, true)
#3 C:\\laragon\\www\\courses\\@core\\vendor\\laravel\\framework\\src\\Illuminate\\Database\\Query\\Builder.php(2642): Illuminate\\Database\\Query\\Builder->runSelect()
#4 C:\\laragon\\www\\courses\\@core\\vendor\\laravel\\framework\\src\\Illuminate\\Database\\Query\\Builder.php(3178): Illuminate\\Database\\Query\\Builder->Illuminate\\Database\\Query\\{closure}()
#5 C:\\laragon\\www\\courses\\@core\\vendor\\laravel\\framework\\src\\Illuminate\\Database\\Query\\Builder.php(2643): Illuminate\\Database\\Query\\Builder->onceWithColumns(Array, Object(Closure))
#6 C:\\laragon\\www\\courses\\@core\\vendor\\laravel\\framework\\src\\Illuminate\\Database\\Eloquent\\Builder.php(702): Illuminate\\Database\\Query\\Builder->get(Array)
#7 C:\\laragon\\www\\courses\\@core\\vendor\\laravel\\framework\\src\\Illuminate\\Database\\Eloquent\\Builder.php(686): Illuminate\\Database\\Eloquent\\Builder->getModels(Array)
#8 C:\\laragon\\www\\courses\\@core\\vendor\\laravel\\framework\\src\\Illuminate\\Database\\Concerns\\BuildsQueries.php(296): Illuminate\\Database\\Eloquent\\Builder->get(Array)
#9 C:\\laragon\\www\\courses\\@core\\app\\Helpers\\helpers.php(56): Illuminate\\Database\\Eloquent\\Builder->first()
#10 C:\\laragon\\www\\courses\\@core\\vendor\\laravel\\framework\\src\\Illuminate\\Cache\\Repository.php(391): {closure}()
#11 C:\\laragon\\www\\courses\\@core\\vendor\\laravel\\framework\\src\\Illuminate\\Cache\\CacheManager.php(419): Illuminate\\Cache\\Repository->remember('home_page_varia...', 6400, Object(Closure))
#12 C:\\laragon\\www\\courses\\@core\\vendor\\laravel\\framework\\src\\Illuminate\\Support\\Facades\\Facade.php(338): Illuminate\\Cache\\CacheManager->__call('remember', Array)
#13 C:\\laragon\\www\\courses\\@core\\app\\Helpers\\helpers.php(57): Illuminate\\Support\\Facades\\Facade::__callStatic('remember', Array)
#14 C:\\laragon\\www\\courses\\@core\\app\\Providers\\AppServiceProvider.php(50): get_static_option('home_page_varia...')
#15 C:\\laragon\\www\\courses\\@core\\vendor\\laravel\\framework\\src\\Illuminate\\Container\\BoundMethod.php(36): App\\Providers\\AppServiceProvider->boot()
#16 C:\\laragon\\www\\courses\\@core\\vendor\\laravel\\framework\\src\\Illuminate\\Container\\Util.php(41): Illuminate\\Container\\BoundMethod::Illuminate\\Container\\{closure}()
#17 C:\\laragon\\www\\courses\\@core\\vendor\\laravel\\framework\\src\\Illuminate\\Container\\BoundMethod.php(93): Illuminate\\Container\\Util::unwrapIfClosure(Object(Closure))
#18 C:\\laragon\\www\\courses\\@core\\vendor\\laravel\\framework\\src\\Illuminate\\Container\\BoundMethod.php(37): Illuminate\\Container\\BoundMethod::callBoundMethod(Object(Illuminate\\Foundation\\Application), Array, Object(Closure))
#19 C:\\laragon\\www\\courses\\@core\\vendor\\laravel\\framework\\src\\Illuminate\\Container\\Container.php(651): Illuminate\\Container\\BoundMethod::call(Object(Illuminate\\Foundation\\Application), Array, Array, NULL)
#20 C:\\laragon\\www\\courses\\@core\\vendor\\laravel\\framework\\src\\Illuminate\\Foundation\\Application.php(933): Illuminate\\Container\\Container->call(Array)
#21 C:\\laragon\\www\\courses\\@core\\vendor\\laravel\\framework\\src\\Illuminate\\Foundation\\Application.php(914): Illuminate\\Foundation\\Application->bootProvider(Object(App\\Providers\\AppServiceProvider))
#22 [internal function]: Illuminate\\Foundation\\Application->Illuminate\\Foundation\\{closure}(Object(App\\Providers\\AppServiceProvider), 36)
#23 C:\\laragon\\www\\courses\\@core\\vendor\\laravel\\framework\\src\\Illuminate\\Foundation\\Application.php(915): array_walk(Array, Object(Closure))
#24 C:\\laragon\\www\\courses\\@core\\vendor\\laravel\\framework\\src\\Illuminate\\Foundation\\Bootstrap\\BootProviders.php(17): Illuminate\\Foundation\\Application->boot()
#25 C:\\laragon\\www\\courses\\@core\\vendor\\laravel\\framework\\src\\Illuminate\\Foundation\\Application.php(242): Illuminate\\Foundation\\Bootstrap\\BootProviders->bootstrap(Object(Illuminate\\Foundation\\Application))
#26 C:\\laragon\\www\\courses\\@core\\vendor\\laravel\\framework\\src\\Illuminate\\Foundation\\Http\\Kernel.php(176): Illuminate\\Foundation\\Application->bootstrapWith(Array)
#27 C:\\laragon\\www\\courses\\@core\\vendor\\laravel\\framework\\src\\Illuminate\\Foundation\\Http\\Kernel.php(160): Illuminate\\Foundation\\Http\\Kernel->bootstrap()
#28 C:\\laragon\\www\\courses\\@core\\vendor\\laravel\\framework\\src\\Illuminate\\Foundation\\Http\\Kernel.php(134): Illuminate\\Foundation\\Http\\Kernel->sendRequestThroughRouter(Object(Illuminate\\Http\\Request))
#29 C:\\laragon\\www\\courses\\index.php(59): Illuminate\\Foundation\\Http\\Kernel->handle(Object(Illuminate\\Http\\Request))
#30 {main}

[previous exception] [object] (PDOException(code: 2002): SQLSTATE[HY000] [2002] No connection could be made because the target machine actively refused it at C:\\laragon\\www\\courses\\@core\\vendor\\laravel\\framework\\src\\Illuminate\\Database\\Connectors\\Connector.php:70)
[stacktrace]
#0 C:\\laragon\\www\\courses\\@core\\vendor\\laravel\\framework\\src\\Illuminate\\Database\\Connectors\\Connector.php(70): PDO->__construct('mysql:host=loca...', 'forge', '', Array)
#1 C:\\laragon\\www\\courses\\@core\\vendor\\laravel\\framework\\src\\Illuminate\\Database\\Connectors\\Connector.php(46): Illuminate\\Database\\Connectors\\Connector->createPdoConnection('mysql:host=loca...', 'forge', '', Array)
#2 C:\\laragon\\www\\courses\\@core\\vendor\\laravel\\framework\\src\\Illuminate\\Database\\Connectors\\MySqlConnector.php(24): Illuminate\\Database\\Connectors\\Connector->createConnection('mysql:host=loca...', Array, Array)
#3 C:\\laragon\\www\\courses\\@core\\vendor\\laravel\\framework\\src\\Illuminate\\Database\\Connectors\\ConnectionFactory.php(184): Illuminate\\Database\\Connectors\\MySqlConnector->connect(Array)
#4 [internal function]: Illuminate\\Database\\Connectors\\ConnectionFactory->Illuminate\\Database\\Connectors\\{closure}()
#5 C:\\laragon\\www\\courses\\@core\\vendor\\laravel\\framework\\src\\Illuminate\\Database\\Connection.php(1181): call_user_func(Object(Closure))
#6 C:\\laragon\\www\\courses\\@core\\vendor\\laravel\\framework\\src\\Illuminate\\Database\\Connection.php(1217): Illuminate\\Database\\Connection->getPdo()
#7 C:\\laragon\\www\\courses\\@core\\vendor\\laravel\\framework\\src\\Illuminate\\Database\\Connection.php(486): Illuminate\\Database\\Connection->getReadPdo()
#8 C:\\laragon\\www\\courses\\@core\\vendor\\laravel\\framework\\src\\Illuminate\\Database\\Connection.php(414): Illuminate\\Database\\Connection->getPdoForSelect(true)
#9 C:\\laragon\\www\\courses\\@core\\vendor\\laravel\\framework\\src\\Illuminate\\Database\\Connection.php(753): Illuminate\\Database\\Connection->Illuminate\\Database\\{closure}('select * from `...', Array)
#10 C:\\laragon\\www\\courses\\@core\\vendor\\laravel\\framework\\src\\Illuminate\\Database\\Connection.php(720): Illuminate\\Database\\Connection->runQueryCallback('select * from `...', Array, Object(Closure))
#11 C:\\laragon\\www\\courses\\@core\\vendor\\laravel\\framework\\src\\Illuminate\\Database\\Connection.php(422): Illuminate\\Database\\Connection->run('select * from `...', Array, Object(Closure))
#12 C:\\laragon\\www\\courses\\@core\\vendor\\laravel\\framework\\src\\Illuminate\\Database\\Query\\Builder.php(2654): Illuminate\\Database\\Connection->select('select * from `...', Array, true)
#13 C:\\laragon\\www\\courses\\@core\\vendor\\laravel\\framework\\src\\Illuminate\\Database\\Query\\Builder.php(2642): Illuminate\\Database\\Query\\Builder->runSelect()
#14 C:\\laragon\\www\\courses\\@core\\vendor\\laravel\\framework\\src\\Illuminate\\Database\\Query\\Builder.php(3178): Illuminate\\Database\\Query\\Builder->Illuminate\\Database\\Query\\{closure}()
#15 C:\\laragon\\www\\courses\\@core\\vendor\\laravel\\framework\\src\\Illuminate\\Database\\Query\\Builder.php(2643): Illuminate\\Database\\Query\\Builder->onceWithColumns(Array, Object(Closure))
#16 C:\\laragon\\www\\courses\\@core\\vendor\\laravel\\framework\\src\\Illuminate\\Database\\Eloquent\\Builder.php(702): Illuminate\\Database\\Query\\Builder->get(Array)
#17 C:\\laragon\\www\\courses\\@core\\vendor\\laravel\\framework\\src\\Illuminate\\Database\\Eloquent\\Builder.php(686): Illuminate\\Database\\Eloquent\\Builder->getModels(Array)
#18 C:\\laragon\\www\\courses\\@core\\vendor\\laravel\\framework\\src\\Illuminate\\Database\\Concerns\\BuildsQueries.php(296): Illuminate\\Database\\Eloquent\\Builder->get(Array)
#19 C:\\laragon\\www\\courses\\@core\\app\\Helpers\\helpers.php(56): Illuminate\\Database\\Eloquent\\Builder->first()
#20 C:\\laragon\\www\\courses\\@core\\vendor\\laravel\\framework\\src\\Illuminate\\Cache\\Repository.php(391): {closure}()
#21 C:\\laragon\\www\\courses\\@core\\vendor\\laravel\\framework\\src\\Illuminate\\Cache\\CacheManager.php(419): Illuminate\\Cache\\Repository->remember('home_page_varia...', 6400, Object(Closure))
#22 C:\\laragon\\www\\courses\\@core\\vendor\\laravel\\framework\\src\\Illuminate\\Support\\Facades\\Facade.php(338): Illuminate\\Cache\\CacheManager->__call('remember', Array)
#23 C:\\laragon\\www\\courses\\@core\\app\\Helpers\\helpers.php(57): Illuminate\\Support\\Facades\\Facade::__callStatic('remember', Array)
#24 C:\\laragon\\www\\courses\\@core\\app\\Providers\\AppServiceProvider.php(50): get_static_option('home_page_varia...')
#25 C:\\laragon\\www\\courses\\@core\\vendor\\laravel\\framework\\src\\Illuminate\\Container\\BoundMethod.php(36): App\\Providers\\AppServiceProvider->boot()
#26 C:\\laragon\\www\\courses\\@core\\vendor\\laravel\\framework\\src\\Illuminate\\Container\\Util.php(41): Illuminate\\Container\\BoundMethod::Illuminate\\Container\\{closure}()
#27 C:\\laragon\\www\\courses\\@core\\vendor\\laravel\\framework\\src\\Illuminate\\Container\\BoundMethod.php(93): Illuminate\\Container\\Util::unwrapIfClosure(Object(Closure))
#28 C:\\laragon\\www\\courses\\@core\\vendor\\laravel\\framework\\src\\Illuminate\\Container\\BoundMethod.php(37): Illuminate\\Container\\BoundMethod::callBoundMethod(Object(Illuminate\\Foundation\\Application), Array, Object(Closure))
#29 C:\\laragon\\www\\courses\\@core\\vendor\\laravel\\framework\\src\\Illuminate\\Container\\Container.php(651): Illuminate\\Container\\BoundMethod::call(Object(Illuminate\\Foundation\\Application), Array, Array, NULL)
#30 C:\\laragon\\www\\courses\\@core\\vendor\\laravel\\framework\\src\\Illuminate\\Foundation\\Application.php(933): Illuminate\\Container\\Container->call(Array)
#31 C:\\laragon\\www\\courses\\@core\\vendor\\laravel\\framework\\src\\Illuminate\\Foundation\\Application.php(914): Illuminate\\Foundation\\Application->bootProvider(Object(App\\Providers\\AppServiceProvider))
#32 [internal function]: Illuminate\\Foundation\\Application->Illuminate\\Foundation\\{closure}(Object(App\\Providers\\AppServiceProvider), 36)
#33 C:\\laragon\\www\\courses\\@core\\vendor\\laravel\\framework\\src\\Illuminate\\Foundation\\Application.php(915): array_walk(Array, Object(Closure))
#34 C:\\laragon\\www\\courses\\@core\\vendor\\laravel\\framework\\src\\Illuminate\\Foundation\\Bootstrap\\BootProviders.php(17): Illuminate\\Foundation\\Application->boot()
#35 C:\\laragon\\www\\courses\\@core\\vendor\\laravel\\framework\\src\\Illuminate\\Foundation\\Application.php(242): Illuminate\\Foundation\\Bootstrap\\BootProviders->bootstrap(Object(Illuminate\\Foundation\\Application))
#36 C:\\laragon\\www\\courses\\@core\\vendor\\laravel\\framework\\src\\Illuminate\\Foundation\\Http\\Kernel.php(176): Illuminate\\Foundation\\Application->bootstrapWith(Array)
#37 C:\\laragon\\www\\courses\\@core\\vendor\\laravel\\framework\\src\\Illuminate\\Foundation\\Http\\Kernel.php(160): Illuminate\\Foundation\\Http\\Kernel->bootstrap()
#38 C:\\laragon\\www\\courses\\@core\\vendor\\laravel\\framework\\src\\Illuminate\\Foundation\\Http\\Kernel.php(134): Illuminate\\Foundation\\Http\\Kernel->sendRequestThroughRouter(Object(Illuminate\\Http\\Request))
#39 C:\\laragon\\www\\courses\\index.php(59): Illuminate\\Foundation\\Http\\Kernel->handle(Object(Illuminate\\Http\\Request))
#40 {main}
"} 
[2023-11-01 18:51:21] production.ERROR: SQLSTATE[HY000] [2002] No connection could be made because the target machine actively refused it (SQL: select * from `languages` where `default` = 1 limit 1) {"view":{"view":"C:\\laragon\\www\\courses\\@core\\resources\\views\\errors\\500.blade.php","data":{"errors":"<pre class=sf-dump id=sf-dump-201453271 data-indent-pad=\"  \"><span class=sf-dump-note>Illuminate\\Support\\ViewErrorBag</span> {<a class=sf-dump-ref>#331</a><samp data-depth=1 class=sf-dump-expanded>
  #<span class=sf-dump-protected title=\"Protected property\">bags</span>: []
</samp>}
</pre><script>Sfdump(\"sf-dump-201453271\", {\"maxDepth\":3,\"maxStringLength\":160})</script>
","exception":"<pre class=sf-dump id=sf-dump-1872126535 data-indent-pad=\"  \"><span class=sf-dump-note>Symfony\\Component\\HttpKernel\\Exception\\HttpException</span> {<a class=sf-dump-ref>#330</a><samp data-depth=1 class=sf-dump-expanded>
  #<span class=sf-dump-protected title=\"Protected property\">message</span>: \"<span class=sf-dump-str title=\"183 characters\">SQLSTATE[HY000] [2002] No connection could be made because the target machine actively refused it (SQL: select * from `static_options` where `option_name` = home_page_variant limit 1)</span>\"
  #<span class=sf-dump-protected title=\"Protected property\">code</span>: <span class=sf-dump-num>0</span>
  #<span class=sf-dump-protected title=\"Protected property\">file</span>: \"<span class=sf-dump-str title=\"C:\\laragon\\www\\courses\\@core\\vendor\\laravel\\framework\\src\\Illuminate\\Foundation\\Exceptions\\Handler.php
102 characters\"><span class=\"sf-dump-ellipsis sf-dump-ellipsis-path\">C:\\laragon\\www\\courses\\@core\\vendor</span><span class=\"sf-dump-ellipsis sf-dump-ellipsis-path\">\\laravel\\framework\\</span>src\\Illuminate\\Foundation\\Exceptions\\Handler.php</span>\"
  #<span class=sf-dump-protected title=\"Protected property\">line</span>: <span class=sf-dump-num>550</span>
  -<span class=sf-dump-private title=\"Private property defined in class:&#10;`Symfony\\Component\\HttpKernel\\Exception\\HttpException`\">statusCode</span>: <span class=sf-dump-num>500</span>
  -<span class=sf-dump-private title=\"Private property defined in class:&#10;`Symfony\\Component\\HttpKernel\\Exception\\HttpException`\">headers</span>: []
  <span class=sf-dump-meta>trace</span>: {<samp data-depth=2 class=sf-dump-compact>
    <span class=sf-dump-meta title=\"C:\\laragon\\www\\courses\\@core\\vendor\\laravel\\framework\\src\\Illuminate\\Foundation\\Exceptions\\Handler.php:550
Stack level 7.\"><span class=\"sf-dump-ellipsis sf-dump-ellipsis-path\">C:\\laragon\\www\\courses\\@core\\vendor</span><span class=\"sf-dump-ellipsis sf-dump-ellipsis-path\">\\laravel\\framework\\</span>src\\Illuminate\\Foundation\\Exceptions\\Handler.php:550</span> {<samp data-depth=3 class=sf-dump-compact>
      <span class=sf-dump-note title=\"Illuminate\\Foundation\\Exceptions\\Handler-&gt;prepareResponse($request, Throwable $e)
\"><span class=\"sf-dump-ellipsis sf-dump-ellipsis-note\">Illuminate\\Foundation\\Exceptions</span><span class=\"sf-dump-ellipsis sf-dump-ellipsis-note\">\\</span>Handler-&gt;prepareResponse($request, Throwable $e)</span> &#8230;
      &#8250; <code class=\"php\"><span class=sf-dump-default>if (! $this-&gt;isHttpException($e)) {</span></code>
      &#8250; <code class=\"php\"><span class=sf-dump-const title=\"in Illuminate\\Foundation\\Exceptions\\Handler-&gt;prepareResponse($request, Throwable $e)\">    $e = new HttpException(500, $e-&gt;getMessage());</span></code>
      &#8250; <code class=\"php\"><span class=sf-dump-default>}</span></code>
    </samp>}
    <span class=sf-dump-meta title=\"C:\\laragon\\www\\courses\\@core\\vendor\\laravel\\framework\\src\\Illuminate\\Foundation\\Exceptions\\Handler.php:460
Stack level 6.\"><span class=\"sf-dump-ellipsis sf-dump-ellipsis-path\">C:\\laragon\\www\\courses\\@core\\vendor</span><span class=\"sf-dump-ellipsis sf-dump-ellipsis-path\">\\laravel\\framework\\</span>src\\Illuminate\\Foundation\\Exceptions\\Handler.php:460</span> {<samp data-depth=3 class=sf-dump-compact>
      <span class=sf-dump-note title=\"Illuminate\\Foundation\\Exceptions\\Handler-&gt;renderExceptionResponse($request, Throwable $e)
\"><span class=\"sf-dump-ellipsis sf-dump-ellipsis-note\">Illuminate\\Foundation\\Exceptions</span><span class=\"sf-dump-ellipsis sf-dump-ellipsis-note\">\\</span>Handler-&gt;renderExceptionResponse($request, Throwable $e)</span> &#8230;
      &#8250; <code class=\"php\"><span class=sf-dump-default>                ? $this-&gt;prepareJsonResponse($request, $e)</span></code>
      &#8250; <code class=\"php\"><span class=sf-dump-const title=\"in Illuminate\\Foundation\\Exceptions\\Handler-&gt;renderExceptionResponse($request, Throwable $e)\">                : $this-&gt;prepareResponse($request, $e);</span></code>
      &#8250; <code class=\"php\"><span class=sf-dump-default>}</span></code>
      <span class=sf-dump-meta>arguments</span>: { &#8230;2}
    </samp>}
    <span class=sf-dump-meta title=\"C:\\laragon\\www\\courses\\@core\\vendor\\laravel\\framework\\src\\Illuminate\\Foundation\\Exceptions\\Handler.php:377
Stack level 5.\"><span class=\"sf-dump-ellipsis sf-dump-ellipsis-path\">C:\\laragon\\www\\courses\\@core\\vendor</span><span class=\"sf-dump-ellipsis sf-dump-ellipsis-path\">\\laravel\\framework\\</span>src\\Illuminate\\Foundation\\Exceptions\\Handler.php:377</span> {<samp data-depth=3 class=sf-dump-compact>
      <span class=sf-dump-note title=\"Illuminate\\Foundation\\Exceptions\\Handler-&gt;render($request, Throwable $e)
\"><span class=\"sf-dump-ellipsis sf-dump-ellipsis-note\">Illuminate\\Foundation\\Exceptions</span><span class=\"sf-dump-ellipsis sf-dump-ellipsis-note\">\\</span>Handler-&gt;render($request, Throwable $e)</span> &#8230;
      &#8250; <code class=\"php\"><span class=sf-dump-default>    $e instanceof ValidationException =&gt; $this-&gt;convertValidationExceptionToResponse($e, $request),</span></code>
      &#8250; <code class=\"php\"><span class=sf-dump-const title=\"in Illuminate\\Foundation\\Exceptions\\Handler-&gt;render($request, Throwable $e)\">    default =&gt; $this-&gt;renderExceptionResponse($request, $e),</span></code>
      &#8250; <code class=\"php\"><span class=sf-dump-default>};</span></code>
      <span class=sf-dump-meta>arguments</span>: { &#8230;2}
    </samp>}
    <span class=sf-dump-meta title=\"C:\\laragon\\www\\courses\\@core\\app\\Exceptions\\Handler.php:36
Stack level 4.\"><span class=\"sf-dump-ellipsis sf-dump-ellipsis-path\">C:\\laragon\\www\\courses\\@core</span><span class=\"sf-dump-ellipsis sf-dump-ellipsis-path\">\\</span>app\\Exceptions\\Handler.php:36</span> {<samp data-depth=3 class=sf-dump-compact>
      <span class=sf-dump-note title=\"App\\Exceptions\\Handler-&gt;render($request, Throwable $exception)
\"><span class=\"sf-dump-ellipsis sf-dump-ellipsis-note\">App\\Exceptions</span><span class=\"sf-dump-ellipsis sf-dump-ellipsis-note\">\\</span>Handler-&gt;render($request, Throwable $exception)</span> &#8230;
      &#8250; <code class=\"php\"><span class=sf-dump-default>    }</span></code>
      &#8250; <code class=\"php\"><span class=sf-dump-const title=\"in App\\Exceptions\\Handler-&gt;render($request, Throwable $exception)\">    return parent::render($request, $exception);</span></code>
      &#8250; <code class=\"php\"><span class=sf-dump-default>}</span></code>
      <span class=sf-dump-meta>arguments</span>: { &#8230;2}
    </samp>}
    <span class=sf-dump-meta title=\"C:\\laragon\\www\\courses\\@core\\vendor\\laravel\\framework\\src\\Illuminate\\Foundation\\Http\\Kernel.php:493
Stack level 3.\"><span class=\"sf-dump-ellipsis sf-dump-ellipsis-path\">C:\\laragon\\www\\courses\\@core\\vendor</span><span class=\"sf-dump-ellipsis sf-dump-ellipsis-path\">\\laravel\\framework\\</span>src\\Illuminate\\Foundation\\Http\\Kernel.php:493</span> {<samp data-depth=3 class=sf-dump-compact>
      <span class=sf-dump-note title=\"Illuminate\\Foundation\\Http\\Kernel-&gt;renderException($request, Throwable $e)
\"><span class=\"sf-dump-ellipsis sf-dump-ellipsis-note\">Illuminate\\Foundation\\Http</span><span class=\"sf-dump-ellipsis sf-dump-ellipsis-note\">\\</span>Kernel-&gt;renderException($request, Throwable $e)</span> &#8230;
      &#8250; <code class=\"php\"><span class=sf-dump-default>{</span></code>
      &#8250; <code class=\"php\"><span class=sf-dump-const title=\"in Illuminate\\Foundation\\Http\\Kernel-&gt;renderException($request, Throwable $e)\">    return $this-&gt;app[ExceptionHandler::class]-&gt;render($request, $e);</span></code>
      &#8250; <code class=\"php\"><span class=sf-dump-default>}</span></code>
      <span class=sf-dump-meta>arguments</span>: { &#8230;2}
    </samp>}
    <span class=sf-dump-meta title=\"C:\\laragon\\www\\courses\\@core\\vendor\\laravel\\framework\\src\\Illuminate\\Foundation\\Http\\Kernel.php:138
Stack level 2.\"><span class=\"sf-dump-ellipsis sf-dump-ellipsis-path\">C:\\laragon\\www\\courses\\@core\\vendor</span><span class=\"sf-dump-ellipsis sf-dump-ellipsis-path\">\\laravel\\framework\\</span>src\\Illuminate\\Foundation\\Http\\Kernel.php:138</span> {<samp data-depth=3 class=sf-dump-compact>
      <span class=sf-dump-note title=\"Illuminate\\Foundation\\Http\\Kernel-&gt;handle($request)
\"><span class=\"sf-dump-ellipsis sf-dump-ellipsis-note\">Illuminate\\Foundation\\Http</span><span class=\"sf-dump-ellipsis sf-dump-ellipsis-note\">\\</span>Kernel-&gt;handle($request)</span> &#8230;
      &#8250; 
      &#8250; <code class=\"php\"><span class=sf-dump-const title=\"in Illuminate\\Foundation\\Http\\Kernel-&gt;handle($request)\">    $response = $this-&gt;renderException($request, $e);</span></code>
      &#8250; <code class=\"php\"><span class=sf-dump-default>}</span></code>
      <span class=sf-dump-meta>arguments</span>: { &#8230;2}
    </samp>}
    <span class=sf-dump-meta title=\"C:\\laragon\\www\\courses\\index.php:59
Stack level 1.\"><span class=\"sf-dump-ellipsis sf-dump-ellipsis-path\">C:\\laragon\\www</span><span class=\"sf-dump-ellipsis sf-dump-ellipsis-path\">\\</span>courses\\index.php:59</span> {<samp data-depth=3 class=sf-dump-compact>
      &#8250; <code class=\"php\"><span class=sf-dump-default>$response = $kernel-&gt;handle(</span></code>
      &#8250; <code class=\"php\"><span class=sf-dump-const title=\"\">    $request = Illuminate\\Http\\Request::capture()</span></code>
      &#8250; <code class=\"php\"><span class=sf-dump-default>);</span></code>
      <span class=sf-dump-meta>arguments</span>: { &#8230;1}
    </samp>}
  </samp>}
</samp>}
</pre><script>Sfdump(\"sf-dump-1872126535\", {\"maxDepth\":3,\"maxStringLength\":160})</script>
"}},"exception":"[object] (Spatie\\LaravelIgnition\\Exceptions\\ViewException(code: 0): SQLSTATE[HY000] [2002] No connection could be made because the target machine actively refused it (SQL: select * from `languages` where `default` = 1 limit 1) at C:\\laragon\\www\\courses\\@core\\vendor\\laravel\\framework\\src\\Illuminate\\Database\\Connection.php:760)
[stacktrace]
#0 C:\\laragon\\www\\courses\\@core\\vendor\\laravel\\framework\\src\\Illuminate\\Database\\Connection.php(720): Illuminate\\Database\\Connection->runQueryCallback('select * from `...', Array, Object(Closure))
#1 C:\\laragon\\www\\courses\\@core\\vendor\\laravel\\framework\\src\\Illuminate\\Database\\Connection.php(422): Illuminate\\Database\\Connection->run('select * from `...', Array, Object(Closure))
#2 C:\\laragon\\www\\courses\\@core\\vendor\\laravel\\framework\\src\\Illuminate\\Database\\Query\\Builder.php(2654): Illuminate\\Database\\Connection->select('select * from `...', Array, true)
#3 C:\\laragon\\www\\courses\\@core\\vendor\\laravel\\framework\\src\\Illuminate\\Database\\Query\\Builder.php(2642): Illuminate\\Database\\Query\\Builder->runSelect()
#4 C:\\laragon\\www\\courses\\@core\\vendor\\laravel\\framework\\src\\Illuminate\\Database\\Query\\Builder.php(3178): Illuminate\\Database\\Query\\Builder->Illuminate\\Database\\Query\\{closure}()
#5 C:\\laragon\\www\\courses\\@core\\vendor\\laravel\\framework\\src\\Illuminate\\Database\\Query\\Builder.php(2643): Illuminate\\Database\\Query\\Builder->onceWithColumns(Array, Object(Closure))
#6 C:\\laragon\\www\\courses\\@core\\vendor\\laravel\\framework\\src\\Illuminate\\Database\\Eloquent\\Builder.php(702): Illuminate\\Database\\Query\\Builder->get(Array)
#7 C:\\laragon\\www\\courses\\@core\\vendor\\laravel\\framework\\src\\Illuminate\\Database\\Eloquent\\Builder.php(686): Illuminate\\Database\\Eloquent\\Builder->getModels(Array)
#8 C:\\laragon\\www\\courses\\@core\\vendor\\laravel\\framework\\src\\Illuminate\\Database\\Concerns\\BuildsQueries.php(296): Illuminate\\Database\\Eloquent\\Builder->get(Array)
#9 C:\\laragon\\www\\courses\\@core\\app\\Helpers\\LanguageHelper.php(70): Illuminate\\Database\\Eloquent\\Builder->first()
#10 C:\\laragon\\www\\courses\\@core\\app\\Helpers\\helpers.php(307): App\\Helpers\\LanguageHelper::user_lang_slug()
#11 C:\\laragon\\www\\courses\\@core\\storage\\framework\\views\\ebbb10aa34dbb6e866d3d6d4f7f9e97322bbe08b.php(8): get_user_lang()
#12 C:\\laragon\\www\\courses\\@core\\vendor\\laravel\\framework\\src\\Illuminate\\Filesystem\\Filesystem.php(109): require('C:\\\\laragon\\\\www\\\\...')
#13 C:\\laragon\\www\\courses\\@core\\vendor\\laravel\\framework\\src\\Illuminate\\Filesystem\\Filesystem.php(110): Illuminate\\Filesystem\\Filesystem::Illuminate\\Filesystem\\{closure}()
#14 C:\\laragon\\www\\courses\\@core\\vendor\\laravel\\framework\\src\\Illuminate\\View\\Engines\\PhpEngine.php(58): Illuminate\\Filesystem\\Filesystem->getRequire('C:\\\\laragon\\\\www\\\\...', Array)
#15 C:\\laragon\\www\\courses\\@core\\vendor\\laravel\\framework\\src\\Illuminate\\View\\Engines\\CompilerEngine.php(70): Illuminate\\View\\Engines\\PhpEngine->evaluatePath('C:\\\\laragon\\\\www\\\\...', Array)
#16 C:\\laragon\\www\\courses\\@core\\vendor\\laravel\\framework\\src\\Illuminate\\View\\View.php(152): Illuminate\\View\\Engines\\CompilerEngine->get('C:\\\\laragon\\\\www\\\\...', Array)
#17 C:\\laragon\\www\\courses\\@core\\vendor\\laravel\\framework\\src\\Illuminate\\View\\View.php(135): Illuminate\\View\\View->getContents()
#18 C:\\laragon\\www\\courses\\@core\\vendor\\laravel\\framework\\src\\Illuminate\\View\\View.php(104): Illuminate\\View\\View->renderContents()
#19 C:\\laragon\\www\\courses\\@core\\vendor\\laravel\\framework\\src\\Illuminate\\Http\\Response.php(69): Illuminate\\View\\View->render()
#20 C:\\laragon\\www\\courses\\@core\\vendor\\laravel\\framework\\src\\Illuminate\\Http\\Response.php(35): Illuminate\\Http\\Response->setContent(Object(Illuminate\\View\\View))
#21 C:\\laragon\\www\\courses\\@core\\vendor\\laravel\\framework\\src\\Illuminate\\Routing\\ResponseFactory.php(57): Illuminate\\Http\\Response->__construct(Object(Illuminate\\View\\View), 500, Array)
#22 C:\\laragon\\www\\courses\\@core\\vendor\\laravel\\framework\\src\\Illuminate\\Routing\\ResponseFactory.php(87): Illuminate\\Routing\\ResponseFactory->make(Object(Illuminate\\View\\View), 500, Array)
#23 C:\\laragon\\www\\courses\\@core\\vendor\\laravel\\framework\\src\\Illuminate\\Foundation\\Exceptions\\Handler.php(629): Illuminate\\Routing\\ResponseFactory->view('errors::500', Array, 500, Array)
#24 C:\\laragon\\www\\courses\\@core\\vendor\\laravel\\framework\\src\\Illuminate\\Foundation\\Exceptions\\Handler.php(554): Illuminate\\Foundation\\Exceptions\\Handler->renderHttpException(Object(Symfony\\Component\\HttpKernel\\Exception\\HttpException))
#25 C:\\laragon\\www\\courses\\@core\\vendor\\laravel\\framework\\src\\Illuminate\\Foundation\\Exceptions\\Handler.php(460): Illuminate\\Foundation\\Exceptions\\Handler->prepareResponse(Object(Illuminate\\Http\\Request), Object(Symfony\\Component\\HttpKernel\\Exception\\HttpException))
#26 C:\\laragon\\www\\courses\\@core\\vendor\\laravel\\framework\\src\\Illuminate\\Foundation\\Exceptions\\Handler.php(377): Illuminate\\Foundation\\Exceptions\\Handler->renderExceptionResponse(Object(Illuminate\\Http\\Request), Object(Illuminate\\Database\\QueryException))
#27 C:\\laragon\\www\\courses\\@core\\app\\Exceptions\\Handler.php(36): Illuminate\\Foundation\\Exceptions\\Handler->render(Object(Illuminate\\Http\\Request), Object(Illuminate\\Database\\QueryException))
#28 C:\\laragon\\www\\courses\\@core\\vendor\\laravel\\framework\\src\\Illuminate\\Foundation\\Http\\Kernel.php(493): App\\Exceptions\\Handler->render(Object(Illuminate\\Http\\Request), Object(Illuminate\\Database\\QueryException))
#29 C:\\laragon\\www\\courses\\@core\\vendor\\laravel\\framework\\src\\Illuminate\\Foundation\\Http\\Kernel.php(138): Illuminate\\Foundation\\Http\\Kernel->renderException(Object(Illuminate\\Http\\Request), Object(Illuminate\\Database\\QueryException))
#30 C:\\laragon\\www\\courses\\index.php(59): Illuminate\\Foundation\\Http\\Kernel->handle(Object(Illuminate\\Http\\Request))
#31 {main}

[previous exception] [object] (Illuminate\\Database\\QueryException(code: 2002): SQLSTATE[HY000] [2002] No connection could be made because the target machine actively refused it (SQL: select * from `languages` where `default` = 1 limit 1) at C:\\laragon\\www\\courses\\@core\\vendor\\laravel\\framework\\src\\Illuminate\\Database\\Connection.php:760)
[stacktrace]
#0 C:\\laragon\\www\\courses\\@core\\vendor\\laravel\\framework\\src\\Illuminate\\Database\\Connection.php(720): Illuminate\\Database\\Connection->runQueryCallback('select * from `...', Array, Object(Closure))
#1 C:\\laragon\\www\\courses\\@core\\vendor\\laravel\\framework\\src\\Illuminate\\Database\\Connection.php(422): Illuminate\\Database\\Connection->run('select * from `...', Array, Object(Closure))
#2 C:\\laragon\\www\\courses\\@core\\vendor\\laravel\\framework\\src\\Illuminate\\Database\\Query\\Builder.php(2654): Illuminate\\Database\\Connection->select('select * from `...', Array, true)
#3 C:\\laragon\\www\\courses\\@core\\vendor\\laravel\\framework\\src\\Illuminate\\Database\\Query\\Builder.php(2642): Illuminate\\Database\\Query\\Builder->runSelect()
#4 C:\\laragon\\www\\courses\\@core\\vendor\\laravel\\framework\\src\\Illuminate\\Database\\Query\\Builder.php(3178): Illuminate\\Database\\Query\\Builder->Illuminate\\Database\\Query\\{closure}()
#5 C:\\laragon\\www\\courses\\@core\\vendor\\laravel\\framework\\src\\Illuminate\\Database\\Query\\Builder.php(2643): Illuminate\\Database\\Query\\Builder->onceWithColumns(Array, Object(Closure))
#6 C:\\laragon\\www\\courses\\@core\\vendor\\laravel\\framework\\src\\Illuminate\\Database\\Eloquent\\Builder.php(702): Illuminate\\Database\\Query\\Builder->get(Array)
#7 C:\\laragon\\www\\courses\\@core\\vendor\\laravel\\framework\\src\\Illuminate\\Database\\Eloquent\\Builder.php(686): Illuminate\\Database\\Eloquent\\Builder->getModels(Array)
#8 C:\\laragon\\www\\courses\\@core\\vendor\\laravel\\framework\\src\\Illuminate\\Database\\Concerns\\BuildsQueries.php(296): Illuminate\\Database\\Eloquent\\Builder->get(Array)
#9 C:\\laragon\\www\\courses\\@core\\app\\Helpers\\LanguageHelper.php(70): Illuminate\\Database\\Eloquent\\Builder->first()
#10 C:\\laragon\\www\\courses\\@core\\app\\Helpers\\helpers.php(307): App\\Helpers\\LanguageHelper::user_lang_slug()
#11 C:\\laragon\\www\\courses\\@core\\storage\\framework\\views\\ebbb10aa34dbb6e866d3d6d4f7f9e97322bbe08b.php(8): get_user_lang()
#12 C:\\laragon\\www\\courses\\@core\\vendor\\laravel\\framework\\src\\Illuminate\\Filesystem\\Filesystem.php(109): require('C:\\\\laragon\\\\www\\\\...')
#13 C:\\laragon\\www\\courses\\@core\\vendor\\laravel\\framework\\src\\Illuminate\\Filesystem\\Filesystem.php(110): Illuminate\\Filesystem\\Filesystem::Illuminate\\Filesystem\\{closure}()
#14 C:\\laragon\\www\\courses\\@core\\vendor\\laravel\\framework\\src\\Illuminate\\View\\Engines\\PhpEngine.php(58): Illuminate\\Filesystem\\Filesystem->getRequire('C:\\\\laragon\\\\www\\\\...', Array)
#15 C:\\laragon\\www\\courses\\@core\\vendor\\laravel\\framework\\src\\Illuminate\\View\\Engines\\CompilerEngine.php(70): Illuminate\\View\\Engines\\PhpEngine->evaluatePath('C:\\\\laragon\\\\www\\\\...', Array)
#16 C:\\laragon\\www\\courses\\@core\\vendor\\laravel\\framework\\src\\Illuminate\\View\\View.php(152): Illuminate\\View\\Engines\\CompilerEngine->get('C:\\\\laragon\\\\www\\\\...', Array)
#17 C:\\laragon\\www\\courses\\@core\\vendor\\laravel\\framework\\src\\Illuminate\\View\\View.php(135): Illuminate\\View\\View->getContents()
#18 C:\\laragon\\www\\courses\\@core\\vendor\\laravel\\framework\\src\\Illuminate\\View\\View.php(104): Illuminate\\View\\View->renderContents()
#19 C:\\laragon\\www\\courses\\@core\\vendor\\laravel\\framework\\src\\Illuminate\\Http\\Response.php(69): Illuminate\\View\\View->render()
#20 C:\\laragon\\www\\courses\\@core\\vendor\\laravel\\framework\\src\\Illuminate\\Http\\Response.php(35): Illuminate\\Http\\Response->setContent(Object(Illuminate\\View\\View))
#21 C:\\laragon\\www\\courses\\@core\\vendor\\laravel\\framework\\src\\Illuminate\\Routing\\ResponseFactory.php(57): Illuminate\\Http\\Response->__construct(Object(Illuminate\\View\\View), 500, Array)
#22 C:\\laragon\\www\\courses\\@core\\vendor\\laravel\\framework\\src\\Illuminate\\Routing\\ResponseFactory.php(87): Illuminate\\Routing\\ResponseFactory->make(Object(Illuminate\\View\\View), 500, Array)
#23 C:\\laragon\\www\\courses\\@core\\vendor\\laravel\\framework\\src\\Illuminate\\Foundation\\Exceptions\\Handler.php(629): Illuminate\\Routing\\ResponseFactory->view('errors::500', Array, 500, Array)
#24 C:\\laragon\\www\\courses\\@core\\vendor\\laravel\\framework\\src\\Illuminate\\Foundation\\Exceptions\\Handler.php(554): Illuminate\\Foundation\\Exceptions\\Handler->renderHttpException(Object(Symfony\\Component\\HttpKernel\\Exception\\HttpException))
#25 C:\\laragon\\www\\courses\\@core\\vendor\\laravel\\framework\\src\\Illuminate\\Foundation\\Exceptions\\Handler.php(460): Illuminate\\Foundation\\Exceptions\\Handler->prepareResponse(Object(Illuminate\\Http\\Request), Object(Symfony\\Component\\HttpKernel\\Exception\\HttpException))
#26 C:\\laragon\\www\\courses\\@core\\vendor\\laravel\\framework\\src\\Illuminate\\Foundation\\Exceptions\\Handler.php(377): Illuminate\\Foundation\\Exceptions\\Handler->renderExceptionResponse(Object(Illuminate\\Http\\Request), Object(Illuminate\\Database\\QueryException))
#27 C:\\laragon\\www\\courses\\@core\\app\\Exceptions\\Handler.php(36): Illuminate\\Foundation\\Exceptions\\Handler->render(Object(Illuminate\\Http\\Request), Object(Illuminate\\Database\\QueryException))
#28 C:\\laragon\\www\\courses\\@core\\vendor\\laravel\\framework\\src\\Illuminate\\Foundation\\Http\\Kernel.php(493): App\\Exceptions\\Handler->render(Object(Illuminate\\Http\\Request), Object(Illuminate\\Database\\QueryException))
#29 C:\\laragon\\www\\courses\\@core\\vendor\\laravel\\framework\\src\\Illuminate\\Foundation\\Http\\Kernel.php(138): Illuminate\\Foundation\\Http\\Kernel->renderException(Object(Illuminate\\Http\\Request), Object(Illuminate\\Database\\QueryException))
#30 C:\\laragon\\www\\courses\\index.php(59): Illuminate\\Foundation\\Http\\Kernel->handle(Object(Illuminate\\Http\\Request))
#31 {main}

[previous exception] [object] (PDOException(code: 2002): SQLSTATE[HY000] [2002] No connection could be made because the target machine actively refused it at C:\\laragon\\www\\courses\\@core\\vendor\\laravel\\framework\\src\\Illuminate\\Database\\Connectors\\Connector.php:70)
[stacktrace]
#0 C:\\laragon\\www\\courses\\@core\\vendor\\laravel\\framework\\src\\Illuminate\\Database\\Connectors\\Connector.php(70): PDO->__construct('mysql:host=loca...', 'forge', '', Array)
#1 C:\\laragon\\www\\courses\\@core\\vendor\\laravel\\framework\\src\\Illuminate\\Database\\Connectors\\Connector.php(46): Illuminate\\Database\\Connectors\\Connector->createPdoConnection('mysql:host=loca...', 'forge', '', Array)
#2 C:\\laragon\\www\\courses\\@core\\vendor\\laravel\\framework\\src\\Illuminate\\Database\\Connectors\\MySqlConnector.php(24): Illuminate\\Database\\Connectors\\Connector->createConnection('mysql:host=loca...', Array, Array)
#3 C:\\laragon\\www\\courses\\@core\\vendor\\laravel\\framework\\src\\Illuminate\\Database\\Connectors\\ConnectionFactory.php(184): Illuminate\\Database\\Connectors\\MySqlConnector->connect(Array)
#4 [internal function]: Illuminate\\Database\\Connectors\\ConnectionFactory->Illuminate\\Database\\Connectors\\{closure}()
#5 C:\\laragon\\www\\courses\\@core\\vendor\\laravel\\framework\\src\\Illuminate\\Database\\Connection.php(1181): call_user_func(Object(Closure))
#6 C:\\laragon\\www\\courses\\@core\\vendor\\laravel\\framework\\src\\Illuminate\\Database\\Connection.php(1217): Illuminate\\Database\\Connection->getPdo()
#7 C:\\laragon\\www\\courses\\@core\\vendor\\laravel\\framework\\src\\Illuminate\\Database\\Connection.php(486): Illuminate\\Database\\Connection->getReadPdo()
#8 C:\\laragon\\www\\courses\\@core\\vendor\\laravel\\framework\\src\\Illuminate\\Database\\Connection.php(414): Illuminate\\Database\\Connection->getPdoForSelect(true)
#9 C:\\laragon\\www\\courses\\@core\\vendor\\laravel\\framework\\src\\Illuminate\\Database\\Connection.php(753): Illuminate\\Database\\Connection->Illuminate\\Database\\{closure}('select * from `...', Array)
#10 C:\\laragon\\www\\courses\\@core\\vendor\\laravel\\framework\\src\\Illuminate\\Database\\Connection.php(720): Illuminate\\Database\\Connection->runQueryCallback('select * from `...', Array, Object(Closure))
#11 C:\\laragon\\www\\courses\\@core\\vendor\\laravel\\framework\\src\\Illuminate\\Database\\Connection.php(422): Illuminate\\Database\\Connection->run('select * from `...', Array, Object(Closure))
#12 C:\\laragon\\www\\courses\\@core\\vendor\\laravel\\framework\\src\\Illuminate\\Database\\Query\\Builder.php(2654): Illuminate\\Database\\Connection->select('select * from `...', Array, true)
#13 C:\\laragon\\www\\courses\\@core\\vendor\\laravel\\framework\\src\\Illuminate\\Database\\Query\\Builder.php(2642): Illuminate\\Database\\Query\\Builder->runSelect()
#14 C:\\laragon\\www\\courses\\@core\\vendor\\laravel\\framework\\src\\Illuminate\\Database\\Query\\Builder.php(3178): Illuminate\\Database\\Query\\Builder->Illuminate\\Database\\Query\\{closure}()
#15 C:\\laragon\\www\\courses\\@core\\vendor\\laravel\\framework\\src\\Illuminate\\Database\\Query\\Builder.php(2643): Illuminate\\Database\\Query\\Builder->onceWithColumns(Array, Object(Closure))
#16 C:\\laragon\\www\\courses\\@core\\vendor\\laravel\\framework\\src\\Illuminate\\Database\\Eloquent\\Builder.php(702): Illuminate\\Database\\Query\\Builder->get(Array)
#17 C:\\laragon\\www\\courses\\@core\\vendor\\laravel\\framework\\src\\Illuminate\\Database\\Eloquent\\Builder.php(686): Illuminate\\Database\\Eloquent\\Builder->getModels(Array)
#18 C:\\laragon\\www\\courses\\@core\\vendor\\laravel\\framework\\src\\Illuminate\\Database\\Concerns\\BuildsQueries.php(296): Illuminate\\Database\\Eloquent\\Builder->get(Array)
#19 C:\\laragon\\www\\courses\\@core\\app\\Helpers\\LanguageHelper.php(70): Illuminate\\Database\\Eloquent\\Builder->first()
#20 C:\\laragon\\www\\courses\\@core\\app\\Helpers\\helpers.php(307): App\\Helpers\\LanguageHelper::user_lang_slug()
#21 C:\\laragon\\www\\courses\\@core\\storage\\framework\\views\\ebbb10aa34dbb6e866d3d6d4f7f9e97322bbe08b.php(8): get_user_lang()
#22 C:\\laragon\\www\\courses\\@core\\vendor\\laravel\\framework\\src\\Illuminate\\Filesystem\\Filesystem.php(109): require('C:\\\\laragon\\\\www\\\\...')
#23 C:\\laragon\\www\\courses\\@core\\vendor\\laravel\\framework\\src\\Illuminate\\Filesystem\\Filesystem.php(110): Illuminate\\Filesystem\\Filesystem::Illuminate\\Filesystem\\{closure}()
#24 C:\\laragon\\www\\courses\\@core\\vendor\\laravel\\framework\\src\\Illuminate\\View\\Engines\\PhpEngine.php(58): Illuminate\\Filesystem\\Filesystem->getRequire('C:\\\\laragon\\\\www\\\\...', Array)
#25 C:\\laragon\\www\\courses\\@core\\vendor\\laravel\\framework\\src\\Illuminate\\View\\Engines\\CompilerEngine.php(70): Illuminate\\View\\Engines\\PhpEngine->evaluatePath('C:\\\\laragon\\\\www\\\\...', Array)
#26 C:\\laragon\\www\\courses\\@core\\vendor\\laravel\\framework\\src\\Illuminate\\View\\View.php(152): Illuminate\\View\\Engines\\CompilerEngine->get('C:\\\\laragon\\\\www\\\\...', Array)
#27 C:\\laragon\\www\\courses\\@core\\vendor\\laravel\\framework\\src\\Illuminate\\View\\View.php(135): Illuminate\\View\\View->getContents()
#28 C:\\laragon\\www\\courses\\@core\\vendor\\laravel\\framework\\src\\Illuminate\\View\\View.php(104): Illuminate\\View\\View->renderContents()
#29 C:\\laragon\\www\\courses\\@core\\vendor\\laravel\\framework\\src\\Illuminate\\Http\\Response.php(69): Illuminate\\View\\View->render()
#30 C:\\laragon\\www\\courses\\@core\\vendor\\laravel\\framework\\src\\Illuminate\\Http\\Response.php(35): Illuminate\\Http\\Response->setContent(Object(Illuminate\\View\\View))
#31 C:\\laragon\\www\\courses\\@core\\vendor\\laravel\\framework\\src\\Illuminate\\Routing\\ResponseFactory.php(57): Illuminate\\Http\\Response->__construct(Object(Illuminate\\View\\View), 500, Array)
#32 C:\\laragon\\www\\courses\\@core\\vendor\\laravel\\framework\\src\\Illuminate\\Routing\\ResponseFactory.php(87): Illuminate\\Routing\\ResponseFactory->make(Object(Illuminate\\View\\View), 500, Array)
#33 C:\\laragon\\www\\courses\\@core\\vendor\\laravel\\framework\\src\\Illuminate\\Foundation\\Exceptions\\Handler.php(629): Illuminate\\Routing\\ResponseFactory->view('errors::500', Array, 500, Array)
#34 C:\\laragon\\www\\courses\\@core\\vendor\\laravel\\framework\\src\\Illuminate\\Foundation\\Exceptions\\Handler.php(554): Illuminate\\Foundation\\Exceptions\\Handler->renderHttpException(Object(Symfony\\Component\\HttpKernel\\Exception\\HttpException))
#35 C:\\laragon\\www\\courses\\@core\\vendor\\laravel\\framework\\src\\Illuminate\\Foundation\\Exceptions\\Handler.php(460): Illuminate\\Foundation\\Exceptions\\Handler->prepareResponse(Object(Illuminate\\Http\\Request), Object(Symfony\\Component\\HttpKernel\\Exception\\HttpException))
#36 C:\\laragon\\www\\courses\\@core\\vendor\\laravel\\framework\\src\\Illuminate\\Foundation\\Exceptions\\Handler.php(377): Illuminate\\Foundation\\Exceptions\\Handler->renderExceptionResponse(Object(Illuminate\\Http\\Request), Object(Illuminate\\Database\\QueryException))
#37 C:\\laragon\\www\\courses\\@core\\app\\Exceptions\\Handler.php(36): Illuminate\\Foundation\\Exceptions\\Handler->render(Object(Illuminate\\Http\\Request), Object(Illuminate\\Database\\QueryException))
#38 C:\\laragon\\www\\courses\\@core\\vendor\\laravel\\framework\\src\\Illuminate\\Foundation\\Http\\Kernel.php(493): App\\Exceptions\\Handler->render(Object(Illuminate\\Http\\Request), Object(Illuminate\\Database\\QueryException))
#39 C:\\laragon\\www\\courses\\@core\\vendor\\laravel\\framework\\src\\Illuminate\\Foundation\\Http\\Kernel.php(138): Illuminate\\Foundation\\Http\\Kernel->renderException(Object(Illuminate\\Http\\Request), Object(Illuminate\\Database\\QueryException))
#40 C:\\laragon\\www\\courses\\index.php(59): Illuminate\\Foundation\\Http\\Kernel->handle(Object(Illuminate\\Http\\Request))
#41 {main}
"} 
[2023-11-01 18:51:25] production.ERROR: Uncaught PDOException: SQLSTATE[HY000] [2002] No connection could be made because the target machine actively refused it in C:\laragon\www\courses\@core\vendor\laravel\framework\src\Illuminate\Database\Connectors\Connector.php:70
Stack trace:
#0 C:\laragon\www\courses\@core\vendor\laravel\framework\src\Illuminate\Database\Connectors\Connector.php(70): PDO->__construct('mysql:host=loca...', 'forge', '', Array)
#1 C:\laragon\www\courses\@core\vendor\laravel\framework\src\Illuminate\Database\Connectors\Connector.php(46): Illuminate\Database\Connectors\Connector->createPdoConnection('mysql:host=loca...', 'forge', '', Array)
#2 C:\laragon\www\courses\@core\vendor\laravel\framework\src\Illuminate\Database\Connectors\MySqlConnector.php(24): Illuminate\Database\Connectors\Connector->createConnection('mysql:host=loca...', Array, Array)
#3 C:\laragon\www\courses\@core\vendor\laravel\framework\src\Illuminate\Database\Connectors\ConnectionFactory.php(184): Illuminate\Database\Connectors\MySqlConnector->connect(Array)
#4 [internal function]: Illuminate\Database\Connectors\ConnectionFactory->Illuminate\Database\Connectors\{closure}()
#5 C:\laragon\www\courses\@core\vendor\laravel\framework\src\Illuminate\Database\Connection.php(1181): call_user_func(Object(Closure))
#6 C:\laragon\www\courses\@core\vendor\laravel\framework\src\Illuminate\Database\Connection.php(1217): Illuminate\Database\Connection->getPdo()
#7 C:\laragon\www\courses\@core\vendor\laravel\framework\src\Illuminate\Database\Connection.php(486): Illuminate\Database\Connection->getReadPdo()
#8 C:\laragon\www\courses\@core\vendor\laravel\framework\src\Illuminate\Database\Connection.php(414): Illuminate\Database\Connection->getPdoForSelect(true)
#9 C:\laragon\www\courses\@core\vendor\laravel\framework\src\Illuminate\Database\Connection.php(753): Illuminate\Database\Connection->Illuminate\Database\{closure}('select * from `...', Array)
#10 C:\laragon\www\courses\@core\vendor\laravel\framework\src\Illuminate\Database\Connection.php(720): Illuminate\Database\Connection->runQueryCallback('select * from `...', Array, Object(Closure))
#11 C:\laragon\www\courses\@core\vendor\laravel\framework\src\Illuminate\Database\Connection.php(422): Illuminate\Database\Connection->run('select * from `...', Array, Object(Closure))
#12 C:\laragon\www\courses\@core\vendor\laravel\framework\src\Illuminate\Database\Query\Builder.php(2654): Illuminate\Database\Connection->select('select * from `...', Array, true)
#13 C:\laragon\www\courses\@core\vendor\laravel\framework\src\Illuminate\Database\Query\Builder.php(2642): Illuminate\Database\Query\Builder->runSelect()
#14 C:\laragon\www\courses\@core\vendor\laravel\framework\src\Illuminate\Database\Query\Builder.php(3178): Illuminate\Database\Query\Builder->Illuminate\Database\Query\{closure}()
#15 C:\laragon\www\courses\@core\vendor\laravel\framework\src\Illuminate\Database\Query\Builder.php(2643): Illuminate\Database\Query\Builder->onceWithColumns(Array, Object(Closure))
#16 C:\laragon\www\courses\@core\vendor\laravel\framework\src\Illuminate\Database\Eloquent\Builder.php(702): Illuminate\Database\Query\Builder->get(Array)
#17 C:\laragon\www\courses\@core\vendor\laravel\framework\src\Illuminate\Database\Eloquent\Builder.php(686): Illuminate\Database\Eloquent\Builder->getModels(Array)
#18 C:\laragon\www\courses\@core\vendor\laravel\framework\src\Illuminate\Database\Concerns\BuildsQueries.php(296): Illuminate\Database\Eloquent\Builder->get(Array)
#19 C:\laragon\www\courses\@core\app\Helpers\LanguageHelper.php(70): Illuminate\Database\Eloquent\Builder->first()
#20 C:\laragon\www\courses\@core\app\Helpers\helpers.php(307): App\Helpers\LanguageHelper::user_lang_slug()
#21 C:\laragon\www\courses\@core\storage\framework\views\ebbb10aa34dbb6e866d3d6d4f7f9e97322bbe08b.php(8): get_user_lang()
#22 C:\laragon\www\courses\@core\vendor\laravel\framework\src\Illuminate\Filesystem\Filesystem.php(109): require('C:\\laragon\\www\\...')
#23 C:\laragon\www\courses\@core\vendor\laravel\framework\src\Illuminate\Filesystem\Filesystem.php(110): Illuminate\Filesystem\Filesystem::Illuminate\Filesystem\{closure}()
#24 C:\laragon\www\courses\@core\vendor\laravel\framework\src\Illuminate\View\Engines\PhpEngine.php(58): Illuminate\Filesystem\Filesystem->getRequire('C:\\laragon\\www\\...', Array)
#25 C:\laragon\www\courses\@core\vendor\laravel\framework\src\Illuminate\View\Engines\CompilerEngine.php(70): Illuminate\View\Engines\PhpEngine->evaluatePath('C:\\laragon\\www\\...', Array)
#26 C:\laragon\www\courses\@core\vendor\laravel\framework\src\Illuminate\View\View.php(152): Illuminate\View\Engines\CompilerEngine->get('C:\\laragon\\www\\...', Array)
#27 C:\laragon\www\courses\@core\vendor\laravel\framework\src\Illuminate\View\View.php(135): Illuminate\View\View->getContents()
#28 C:\laragon\www\courses\@core\vendor\laravel\framework\src\Illuminate\View\View.php(104): Illuminate\View\View->renderContents()
#29 C:\laragon\www\courses\@core\vendor\laravel\framework\src\Illuminate\Http\Response.php(69): Illuminate\View\View->render()
#30 C:\laragon\www\courses\@core\vendor\laravel\framework\src\Illuminate\Http\Response.php(35): Illuminate\Http\Response->setContent(Object(Illuminate\View\View))
#31 C:\laragon\www\courses\@core\vendor\laravel\framework\src\Illuminate\Routing\ResponseFactory.php(57): Illuminate\Http\Response->__construct(Object(Illuminate\View\View), 500, Array)
#32 C:\laragon\www\courses\@core\vendor\laravel\framework\src\Illuminate\Routing\ResponseFactory.php(87): Illuminate\Routing\ResponseFactory->make(Object(Illuminate\View\View), 500, Array)
#33 C:\laragon\www\courses\@core\vendor\laravel\framework\src\Illuminate\Foundation\Exceptions\Handler.php(629): Illuminate\Routing\ResponseFactory->view('errors::500', Array, 500, Array)
#34 C:\laragon\www\courses\@core\vendor\laravel\framework\src\Illuminate\Foundation\Exceptions\Handler.php(554): Illuminate\Foundation\Exceptions\Handler->renderHttpException(Object(Symfony\Component\HttpKernel\Exception\HttpException))
#35 C:\laragon\www\courses\@core\vendor\laravel\framework\src\Illuminate\Foundation\Exceptions\Handler.php(460): Illuminate\Foundation\Exceptions\Handler->prepareResponse(Object(Illuminate\Http\Request), Object(Symfony\Component\HttpKernel\Exception\HttpException))
#36 C:\laragon\www\courses\@core\vendor\laravel\framework\src\Illuminate\Foundation\Exceptions\Handler.php(377): Illuminate\Foundation\Exceptions\Handler->renderExceptionResponse(Object(Illuminate\Http\Request), Object(Spatie\LaravelIgnition\Exceptions\ViewException))
#37 C:\laragon\www\courses\@core\app\Exceptions\Handler.php(36): Illuminate\Foundation\Exceptions\Handler->render(Object(Illuminate\Http\Request), Object(Spatie\LaravelIgnition\Exceptions\ViewException))
#38 C:\laragon\www\courses\@core\vendor\laravel\framework\src\Illuminate\Foundation\Bootstrap\HandleExceptions.php(229): App\Exceptions\Handler->render(Object(Illuminate\Http\Request), Object(Illuminate\View\ViewException))
#39 C:\laragon\www\courses\@core\vendor\laravel\framework\src\Illuminate\Foundation\Bootstrap\HandleExceptions.php(206): Illuminate\Foundation\Bootstrap\HandleExceptions->renderHttpResponse(Object(Illuminate\View\ViewException))
#40 C:\laragon\www\courses\@core\vendor\laravel\framework\src\Illuminate\Foundation\Bootstrap\HandleExceptions.php(266): Illuminate\Foundation\Bootstrap\HandleExceptions->handleException(Object(Illuminate\View\ViewException))
#41 [internal function]: Illuminate\Foundation\Bootstrap\HandleExceptions->Illuminate\Foundation\Bootstrap\{closure}(Object(Illuminate\View\ViewException))
#42 {main}

Next Illuminate\Database\QueryException: SQLSTATE[HY000] [2002] No connection could be made because the target machine actively refused it (SQL: select * from `languages` where `default` = 1 limit 1) in C:\laragon\www\courses\@core\vendor\laravel\framework\src\Illuminate\Database\Connection.php:760
Stack trace:
#0 C:\laragon\www\courses\@core\vendor\laravel\framework\src\Illuminate\Database\Connection.php(720): Illuminate\Database\Connection->runQueryCallback('select * from `...', Array, Object(Closure))
#1 C:\laragon\www\courses\@core\vendor\laravel\framework\src\Illuminate\Database\Connection.php(422): Illuminate\Database\Connection->run('select * from `...', Array, Object(Closure))
#2 C:\laragon\www\courses\@core\vendor\laravel\framework\src\Illuminate\Database\Query\Builder.php(2654): Illuminate\Database\Connection->select('select * from `...', Array, true)
#3 C:\laragon\www\courses\@core\vendor\laravel\framework\src\Illuminate\Database\Query\Builder.php(2642): Illuminate\Database\Query\Builder->runSelect()
#4 C:\laragon\www\courses\@core\vendor\laravel\framework\src\Illuminate\Database\Query\Builder.php(3178): Illuminate\Database\Query\Builder->Illuminate\Database\Query\{closure}()
#5 C:\laragon\www\courses\@core\vendor\laravel\framework\src\Illuminate\Database\Query\Builder.php(2643): Illuminate\Database\Query\Builder->onceWithColumns(Array, Object(Closure))
#6 C:\laragon\www\courses\@core\vendor\laravel\framework\src\Illuminate\Database\Eloquent\Builder.php(702): Illuminate\Database\Query\Builder->get(Array)
#7 C:\laragon\www\courses\@core\vendor\laravel\framework\src\Illuminate\Database\Eloquent\Builder.php(686): Illuminate\Database\Eloquent\Builder->getModels(Array)
#8 C:\laragon\www\courses\@core\vendor\laravel\framework\src\Illuminate\Database\Concerns\BuildsQueries.php(296): Illuminate\Database\Eloquent\Builder->get(Array)
#9 C:\laragon\www\courses\@core\app\Helpers\LanguageHelper.php(70): Illuminate\Database\Eloquent\Builder->first()
#10 C:\laragon\www\courses\@core\app\Helpers\helpers.php(307): App\Helpers\LanguageHelper::user_lang_slug()
#11 C:\laragon\www\courses\@core\storage\framework\views\ebbb10aa34dbb6e866d3d6d4f7f9e97322bbe08b.php(8): get_user_lang()
#12 C:\laragon\www\courses\@core\vendor\laravel\framework\src\Illuminate\Filesystem\Filesystem.php(109): require('C:\\laragon\\www\\...')
#13 C:\laragon\www\courses\@core\vendor\laravel\framework\src\Illuminate\Filesystem\Filesystem.php(110): Illuminate\Filesystem\Filesystem::Illuminate\Filesystem\{closure}()
#14 C:\laragon\www\courses\@core\vendor\laravel\framework\src\Illuminate\View\Engines\PhpEngine.php(58): Illuminate\Filesystem\Filesystem->getRequire('C:\\laragon\\www\\...', Array)
#15 C:\laragon\www\courses\@core\vendor\laravel\framework\src\Illuminate\View\Engines\CompilerEngine.php(70): Illuminate\View\Engines\PhpEngine->evaluatePath('C:\\laragon\\www\\...', Array)
#16 C:\laragon\www\courses\@core\vendor\laravel\framework\src\Illuminate\View\View.php(152): Illuminate\View\Engines\CompilerEngine->get('C:\\laragon\\www\\...', Array)
#17 C:\laragon\www\courses\@core\vendor\laravel\framework\src\Illuminate\View\View.php(135): Illuminate\View\View->getContents()
#18 C:\laragon\www\courses\@core\vendor\laravel\framework\src\Illuminate\View\View.php(104): Illuminate\View\View->renderContents()
#19 C:\laragon\www\courses\@core\vendor\laravel\framework\src\Illuminate\Http\Response.php(69): Illuminate\View\View->render()
#20 C:\laragon\www\courses\@core\vendor\laravel\framework\src\Illuminate\Http\Response.php(35): Illuminate\Http\Response->setContent(Object(Illuminate\View\View))
#21 C:\laragon\www\courses\@core\vendor\laravel\framework\src\Illuminate\Routing\ResponseFactory.php(57): Illuminate\Http\Response->__construct(Object(Illuminate\View\View), 500, Array)
#22 C:\laragon\www\courses\@core\vendor\laravel\framework\src\Illuminate\Routing\ResponseFactory.php(87): Illuminate\Routing\ResponseFactory->make(Object(Illuminate\View\View), 500, Array)
#23 C:\laragon\www\courses\@core\vendor\laravel\framework\src\Illuminate\Foundation\Exceptions\Handler.php(629): Illuminate\Routing\ResponseFactory->view('errors::500', Array, 500, Array)
#24 C:\laragon\www\courses\@core\vendor\laravel\framework\src\Illuminate\Foundation\Exceptions\Handler.php(554): Illuminate\Foundation\Exceptions\Handler->renderHttpException(Object(Symfony\Component\HttpKernel\Exception\HttpException))
#25 C:\laragon\www\courses\@core\vendor\laravel\framework\src\Illuminate\Foundation\Exceptions\Handler.php(460): Illuminate\Foundation\Exceptions\Handler->prepareResponse(Object(Illuminate\Http\Request), Object(Symfony\Component\HttpKernel\Exception\HttpException))
#26 C:\laragon\www\courses\@core\vendor\laravel\framework\src\Illuminate\Foundation\Exceptions\Handler.php(377): Illuminate\Foundation\Exceptions\Handler->renderExceptionResponse(Object(Illuminate\Http\Request), Object(Spatie\LaravelIgnition\Exceptions\ViewException))
#27 C:\laragon\www\courses\@core\app\Exceptions\Handler.php(36): Illuminate\Foundation\Exceptions\Handler->render(Object(Illuminate\Http\Request), Object(Spatie\LaravelIgnition\Exceptions\ViewException))
#28 C:\laragon\www\courses\@core\vendor\laravel\framework\src\Illuminate\Foundation\Bootstrap\HandleExceptions.php(229): App\Exceptions\Handler->render(Object(Illuminate\Http\Request), Object(Illuminate\View\ViewException))
#29 C:\laragon\www\courses\@core\vendor\laravel\framework\src\Illuminate\Foundation\Bootstrap\HandleExceptions.php(206): Illuminate\Foundation\Bootstrap\HandleExceptions->renderHttpResponse(Object(Illuminate\View\ViewException))
#30 C:\laragon\www\courses\@core\vendor\laravel\framework\src\Illuminate\Foundation\Bootstrap\HandleExceptions.php(266): Illuminate\Foundation\Bootstrap\HandleExceptions->handleException(Object(Illuminate\View\ViewException))
#31 [internal function]: Illuminate\Foundation\Bootstrap\HandleExceptions->Illuminate\Foundation\Bootstrap\{closure}(Object(Illuminate\View\ViewException))
#32 {main}

Next Illuminate\View\ViewException: SQLSTATE[HY000] [2002] No connection could be made because the target machine actively refused it (SQL: select * from `languages` where `default` = 1 limit 1) (View: C:\laragon\www\courses\@core\resources\views\errors\500.blade.php) in C:\laragon\www\courses\@core\vendor\laravel\framework\src\Illuminate\Database\Connection.php:760
Stack trace:
#0 C:\laragon\www\courses\@core\vendor\laravel\framework\src\Illuminate\View\Engines\PhpEngine.php(60): Illuminate\View\Engines\CompilerEngine->handleViewException(Object(Illuminate\Database\QueryException), 2)
#1 C:\laragon\www\courses\@core\vendor\laravel\framework\src\Illuminate\View\Engines\CompilerEngine.php(70): Illuminate\View\Engines\PhpEngine->evaluatePath('C:\\laragon\\www\\...', Array)
#2 C:\laragon\www\courses\@core\vendor\laravel\framework\src\Illuminate\View\View.php(152): Illuminate\View\Engines\CompilerEngine->get('C:\\laragon\\www\\...', Array)
#3 C:\laragon\www\courses\@core\vendor\laravel\framework\src\Illuminate\View\View.php(135): Illuminate\View\View->getContents()
#4 C:\laragon\www\courses\@core\vendor\laravel\framework\src\Illuminate\View\View.php(104): Illuminate\View\View->renderContents()
#5 C:\laragon\www\courses\@core\vendor\laravel\framework\src\Illuminate\Http\Response.php(69): Illuminate\View\View->render()
#6 C:\laragon\www\courses\@core\vendor\laravel\framework\src\Illuminate\Http\Response.php(35): Illuminate\Http\Response->setContent(Object(Illuminate\View\View))
#7 C:\laragon\www\courses\@core\vendor\laravel\framework\src\Illuminate\Routing\ResponseFactory.php(57): Illuminate\Http\Response->__construct(Object(Illuminate\View\View), 500, Array)
#8 C:\laragon\www\courses\@core\vendor\laravel\framework\src\Illuminate\Routing\ResponseFactory.php(87): Illuminate\Routing\ResponseFactory->make(Object(Illuminate\View\View), 500, Array)
#9 C:\laragon\www\courses\@core\vendor\laravel\framework\src\Illuminate\Foundation\Exceptions\Handler.php(629): Illuminate\Routing\ResponseFactory->view('errors::500', Array, 500, Array)
#10 C:\laragon\www\courses\@core\vendor\laravel\framework\src\Illuminate\Foundation\Exceptions\Handler.php(554): Illuminate\Foundation\Exceptions\Handler->renderHttpException(Object(Symfony\Component\HttpKernel\Exception\HttpException))
#11 C:\laragon\www\courses\@core\vendor\laravel\framework\src\Illuminate\Foundation\Exceptions\Handler.php(460): Illuminate\Foundation\Exceptions\Handler->prepareResponse(Object(Illuminate\Http\Request), Object(Symfony\Component\HttpKernel\Exception\HttpException))
#12 C:\laragon\www\courses\@core\vendor\laravel\framework\src\Illuminate\Foundation\Exceptions\Handler.php(377): Illuminate\Foundation\Exceptions\Handler->renderExceptionResponse(Object(Illuminate\Http\Request), Object(Spatie\LaravelIgnition\Exceptions\ViewException))
#13 C:\laragon\www\courses\@core\app\Exceptions\Handler.php(36): Illuminate\Foundation\Exceptions\Handler->render(Object(Illuminate\Http\Request), Object(Spatie\LaravelIgnition\Exceptions\ViewException))
#14 C:\laragon\www\courses\@core\vendor\laravel\framework\src\Illuminate\Foundation\Bootstrap\HandleExceptions.php(229): App\Exceptions\Handler->render(Object(Illuminate\Http\Request), Object(Illuminate\View\ViewException))
#15 C:\laragon\www\courses\@core\vendor\laravel\framework\src\Illuminate\Foundation\Bootstrap\HandleExceptions.php(206): Illuminate\Foundation\Bootstrap\HandleExceptions->renderHttpResponse(Object(Illuminate\View\ViewException))
#16 C:\laragon\www\courses\@core\vendor\laravel\framework\src\Illuminate\Foundation\Bootstrap\HandleExceptions.php(266): Illuminate\Foundation\Bootstrap\HandleExceptions->handleException(Object(Illuminate\View\ViewException))
#17 [internal function]: Illuminate\Foundation\Bootstrap\HandleExceptions->Illuminate\Foundation\Bootstrap\{closure}(Object(Illuminate\View\ViewException))
#18 {main}
  thrown {"exception":"[object] (Symfony\\Component\\ErrorHandler\\Error\\FatalError(code: 0): Uncaught PDOException: SQLSTATE[HY000] [2002] No connection could be made because the target machine actively refused it in C:\\laragon\\www\\courses\\@core\\vendor\\laravel\\framework\\src\\Illuminate\\Database\\Connectors\\Connector.php:70
Stack trace:
#0 C:\\laragon\\www\\courses\\@core\\vendor\\laravel\\framework\\src\\Illuminate\\Database\\Connectors\\Connector.php(70): PDO->__construct('mysql:host=loca...', 'forge', '', Array)
#1 C:\\laragon\\www\\courses\\@core\\vendor\\laravel\\framework\\src\\Illuminate\\Database\\Connectors\\Connector.php(46): Illuminate\\Database\\Connectors\\Connector->createPdoConnection('mysql:host=loca...', 'forge', '', Array)
#2 C:\\laragon\\www\\courses\\@core\\vendor\\laravel\\framework\\src\\Illuminate\\Database\\Connectors\\MySqlConnector.php(24): Illuminate\\Database\\Connectors\\Connector->createConnection('mysql:host=loca...', Array, Array)
#3 C:\\laragon\\www\\courses\\@core\\vendor\\laravel\\framework\\src\\Illuminate\\Database\\Connectors\\ConnectionFactory.php(184): Illuminate\\Database\\Connectors\\MySqlConnector->connect(Array)
#4 [internal function]: Illuminate\\Database\\Connectors\\ConnectionFactory->Illuminate\\Database\\Connectors\\{closure}()
#5 C:\\laragon\\www\\courses\\@core\\vendor\\laravel\\framework\\src\\Illuminate\\Database\\Connection.php(1181): call_user_func(Object(Closure))
#6 C:\\laragon\\www\\courses\\@core\\vendor\\laravel\\framework\\src\\Illuminate\\Database\\Connection.php(1217): Illuminate\\Database\\Connection->getPdo()
#7 C:\\laragon\\www\\courses\\@core\\vendor\\laravel\\framework\\src\\Illuminate\\Database\\Connection.php(486): Illuminate\\Database\\Connection->getReadPdo()
#8 C:\\laragon\\www\\courses\\@core\\vendor\\laravel\\framework\\src\\Illuminate\\Database\\Connection.php(414): Illuminate\\Database\\Connection->getPdoForSelect(true)
#9 C:\\laragon\\www\\courses\\@core\\vendor\\laravel\\framework\\src\\Illuminate\\Database\\Connection.php(753): Illuminate\\Database\\Connection->Illuminate\\Database\\{closure}('select * from `...', Array)
#10 C:\\laragon\\www\\courses\\@core\\vendor\\laravel\\framework\\src\\Illuminate\\Database\\Connection.php(720): Illuminate\\Database\\Connection->runQueryCallback('select * from `...', Array, Object(Closure))
#11 C:\\laragon\\www\\courses\\@core\\vendor\\laravel\\framework\\src\\Illuminate\\Database\\Connection.php(422): Illuminate\\Database\\Connection->run('select * from `...', Array, Object(Closure))
#12 C:\\laragon\\www\\courses\\@core\\vendor\\laravel\\framework\\src\\Illuminate\\Database\\Query\\Builder.php(2654): Illuminate\\Database\\Connection->select('select * from `...', Array, true)
#13 C:\\laragon\\www\\courses\\@core\\vendor\\laravel\\framework\\src\\Illuminate\\Database\\Query\\Builder.php(2642): Illuminate\\Database\\Query\\Builder->runSelect()
#14 C:\\laragon\\www\\courses\\@core\\vendor\\laravel\\framework\\src\\Illuminate\\Database\\Query\\Builder.php(3178): Illuminate\\Database\\Query\\Builder->Illuminate\\Database\\Query\\{closure}()
#15 C:\\laragon\\www\\courses\\@core\\vendor\\laravel\\framework\\src\\Illuminate\\Database\\Query\\Builder.php(2643): Illuminate\\Database\\Query\\Builder->onceWithColumns(Array, Object(Closure))
#16 C:\\laragon\\www\\courses\\@core\\vendor\\laravel\\framework\\src\\Illuminate\\Database\\Eloquent\\Builder.php(702): Illuminate\\Database\\Query\\Builder->get(Array)
#17 C:\\laragon\\www\\courses\\@core\\vendor\\laravel\\framework\\src\\Illuminate\\Database\\Eloquent\\Builder.php(686): Illuminate\\Database\\Eloquent\\Builder->getModels(Array)
#18 C:\\laragon\\www\\courses\\@core\\vendor\\laravel\\framework\\src\\Illuminate\\Database\\Concerns\\BuildsQueries.php(296): Illuminate\\Database\\Eloquent\\Builder->get(Array)
#19 C:\\laragon\\www\\courses\\@core\\app\\Helpers\\LanguageHelper.php(70): Illuminate\\Database\\Eloquent\\Builder->first()
#20 C:\\laragon\\www\\courses\\@core\\app\\Helpers\\helpers.php(307): App\\Helpers\\LanguageHelper::user_lang_slug()
#21 C:\\laragon\\www\\courses\\@core\\storage\\framework\\views\\ebbb10aa34dbb6e866d3d6d4f7f9e97322bbe08b.php(8): get_user_lang()
#22 C:\\laragon\\www\\courses\\@core\\vendor\\laravel\\framework\\src\\Illuminate\\Filesystem\\Filesystem.php(109): require('C:\\\\laragon\\\\www\\\\...')
#23 C:\\laragon\\www\\courses\\@core\\vendor\\laravel\\framework\\src\\Illuminate\\Filesystem\\Filesystem.php(110): Illuminate\\Filesystem\\Filesystem::Illuminate\\Filesystem\\{closure}()
#24 C:\\laragon\\www\\courses\\@core\\vendor\\laravel\\framework\\src\\Illuminate\\View\\Engines\\PhpEngine.php(58): Illuminate\\Filesystem\\Filesystem->getRequire('C:\\\\laragon\\\\www\\\\...', Array)
#25 C:\\laragon\\www\\courses\\@core\\vendor\\laravel\\framework\\src\\Illuminate\\View\\Engines\\CompilerEngine.php(70): Illuminate\\View\\Engines\\PhpEngine->evaluatePath('C:\\\\laragon\\\\www\\\\...', Array)
#26 C:\\laragon\\www\\courses\\@core\\vendor\\laravel\\framework\\src\\Illuminate\\View\\View.php(152): Illuminate\\View\\Engines\\CompilerEngine->get('C:\\\\laragon\\\\www\\\\...', Array)
#27 C:\\laragon\\www\\courses\\@core\\vendor\\laravel\\framework\\src\\Illuminate\\View\\View.php(135): Illuminate\\View\\View->getContents()
#28 C:\\laragon\\www\\courses\\@core\\vendor\\laravel\\framework\\src\\Illuminate\\View\\View.php(104): Illuminate\\View\\View->renderContents()
#29 C:\\laragon\\www\\courses\\@core\\vendor\\laravel\\framework\\src\\Illuminate\\Http\\Response.php(69): Illuminate\\View\\View->render()
#30 C:\\laragon\\www\\courses\\@core\\vendor\\laravel\\framework\\src\\Illuminate\\Http\\Response.php(35): Illuminate\\Http\\Response->setContent(Object(Illuminate\\View\\View))
#31 C:\\laragon\\www\\courses\\@core\\vendor\\laravel\\framework\\src\\Illuminate\\Routing\\ResponseFactory.php(57): Illuminate\\Http\\Response->__construct(Object(Illuminate\\View\\View), 500, Array)
#32 C:\\laragon\\www\\courses\\@core\\vendor\\laravel\\framework\\src\\Illuminate\\Routing\\ResponseFactory.php(87): Illuminate\\Routing\\ResponseFactory->make(Object(Illuminate\\View\\View), 500, Array)
#33 C:\\laragon\\www\\courses\\@core\\vendor\\laravel\\framework\\src\\Illuminate\\Foundation\\Exceptions\\Handler.php(629): Illuminate\\Routing\\ResponseFactory->view('errors::500', Array, 500, Array)
#34 C:\\laragon\\www\\courses\\@core\\vendor\\laravel\\framework\\src\\Illuminate\\Foundation\\Exceptions\\Handler.php(554): Illuminate\\Foundation\\Exceptions\\Handler->renderHttpException(Object(Symfony\\Component\\HttpKernel\\Exception\\HttpException))
#35 C:\\laragon\\www\\courses\\@core\\vendor\\laravel\\framework\\src\\Illuminate\\Foundation\\Exceptions\\Handler.php(460): Illuminate\\Foundation\\Exceptions\\Handler->prepareResponse(Object(Illuminate\\Http\\Request), Object(Symfony\\Component\\HttpKernel\\Exception\\HttpException))
#36 C:\\laragon\\www\\courses\\@core\\vendor\\laravel\\framework\\src\\Illuminate\\Foundation\\Exceptions\\Handler.php(377): Illuminate\\Foundation\\Exceptions\\Handler->renderExceptionResponse(Object(Illuminate\\Http\\Request), Object(Spatie\\LaravelIgnition\\Exceptions\\ViewException))
#37 C:\\laragon\\www\\courses\\@core\\app\\Exceptions\\Handler.php(36): Illuminate\\Foundation\\Exceptions\\Handler->render(Object(Illuminate\\Http\\Request), Object(Spatie\\LaravelIgnition\\Exceptions\\ViewException))
#38 C:\\laragon\\www\\courses\\@core\\vendor\\laravel\\framework\\src\\Illuminate\\Foundation\\Bootstrap\\HandleExceptions.php(229): App\\Exceptions\\Handler->render(Object(Illuminate\\Http\\Request), Object(Illuminate\\View\\ViewException))
#39 C:\\laragon\\www\\courses\\@core\\vendor\\laravel\\framework\\src\\Illuminate\\Foundation\\Bootstrap\\HandleExceptions.php(206): Illuminate\\Foundation\\Bootstrap\\HandleExceptions->renderHttpResponse(Object(Illuminate\\View\\ViewException))
#40 C:\\laragon\\www\\courses\\@core\\vendor\\laravel\\framework\\src\\Illuminate\\Foundation\\Bootstrap\\HandleExceptions.php(266): Illuminate\\Foundation\\Bootstrap\\HandleExceptions->handleException(Object(Illuminate\\View\\ViewException))
#41 [internal function]: Illuminate\\Foundation\\Bootstrap\\HandleExceptions->Illuminate\\Foundation\\Bootstrap\\{closure}(Object(Illuminate\\View\\ViewException))
#42 {main}

Next Illuminate\\Database\\QueryException: SQLSTATE[HY000] [2002] No connection could be made because the target machine actively refused it (SQL: select * from `languages` where `default` = 1 limit 1) in C:\\laragon\\www\\courses\\@core\\vendor\\laravel\\framework\\src\\Illuminate\\Database\\Connection.php:760
Stack trace:
#0 C:\\laragon\\www\\courses\\@core\\vendor\\laravel\\framework\\src\\Illuminate\\Database\\Connection.php(720): Illuminate\\Database\\Connection->runQueryCallback('select * from `...', Array, Object(Closure))
#1 C:\\laragon\\www\\courses\\@core\\vendor\\laravel\\framework\\src\\Illuminate\\Database\\Connection.php(422): Illuminate\\Database\\Connection->run('select * from `...', Array, Object(Closure))
#2 C:\\laragon\\www\\courses\\@core\\vendor\\laravel\\framework\\src\\Illuminate\\Database\\Query\\Builder.php(2654): Illuminate\\Database\\Connection->select('select * from `...', Array, true)
#3 C:\\laragon\\www\\courses\\@core\\vendor\\laravel\\framework\\src\\Illuminate\\Database\\Query\\Builder.php(2642): Illuminate\\Database\\Query\\Builder->runSelect()
#4 C:\\laragon\\www\\courses\\@core\\vendor\\laravel\\framework\\src\\Illuminate\\Database\\Query\\Builder.php(3178): Illuminate\\Database\\Query\\Builder->Illuminate\\Database\\Query\\{closure}()
#5 C:\\laragon\\www\\courses\\@core\\vendor\\laravel\\framework\\src\\Illuminate\\Database\\Query\\Builder.php(2643): Illuminate\\Database\\Query\\Builder->onceWithColumns(Array, Object(Closure))
#6 C:\\laragon\\www\\courses\\@core\\vendor\\laravel\\framework\\src\\Illuminate\\Database\\Eloquent\\Builder.php(702): Illuminate\\Database\\Query\\Builder->get(Array)
#7 C:\\laragon\\www\\courses\\@core\\vendor\\laravel\\framework\\src\\Illuminate\\Database\\Eloquent\\Builder.php(686): Illuminate\\Database\\Eloquent\\Builder->getModels(Array)
#8 C:\\laragon\\www\\courses\\@core\\vendor\\laravel\\framework\\src\\Illuminate\\Database\\Concerns\\BuildsQueries.php(296): Illuminate\\Database\\Eloquent\\Builder->get(Array)
#9 C:\\laragon\\www\\courses\\@core\\app\\Helpers\\LanguageHelper.php(70): Illuminate\\Database\\Eloquent\\Builder->first()
#10 C:\\laragon\\www\\courses\\@core\\app\\Helpers\\helpers.php(307): App\\Helpers\\LanguageHelper::user_lang_slug()
#11 C:\\laragon\\www\\courses\\@core\\storage\\framework\\views\\ebbb10aa34dbb6e866d3d6d4f7f9e97322bbe08b.php(8): get_user_lang()
#12 C:\\laragon\\www\\courses\\@core\\vendor\\laravel\\framework\\src\\Illuminate\\Filesystem\\Filesystem.php(109): require('C:\\\\laragon\\\\www\\\\...')
#13 C:\\laragon\\www\\courses\\@core\\vendor\\laravel\\framework\\src\\Illuminate\\Filesystem\\Filesystem.php(110): Illuminate\\Filesystem\\Filesystem::Illuminate\\Filesystem\\{closure}()
#14 C:\\laragon\\www\\courses\\@core\\vendor\\laravel\\framework\\src\\Illuminate\\View\\Engines\\PhpEngine.php(58): Illuminate\\Filesystem\\Filesystem->getRequire('C:\\\\laragon\\\\www\\\\...', Array)
#15 C:\\laragon\\www\\courses\\@core\\vendor\\laravel\\framework\\src\\Illuminate\\View\\Engines\\CompilerEngine.php(70): Illuminate\\View\\Engines\\PhpEngine->evaluatePath('C:\\\\laragon\\\\www\\\\...', Array)
#16 C:\\laragon\\www\\courses\\@core\\vendor\\laravel\\framework\\src\\Illuminate\\View\\View.php(152): Illuminate\\View\\Engines\\CompilerEngine->get('C:\\\\laragon\\\\www\\\\...', Array)
#17 C:\\laragon\\www\\courses\\@core\\vendor\\laravel\\framework\\src\\Illuminate\\View\\View.php(135): Illuminate\\View\\View->getContents()
#18 C:\\laragon\\www\\courses\\@core\\vendor\\laravel\\framework\\src\\Illuminate\\View\\View.php(104): Illuminate\\View\\View->renderContents()
#19 C:\\laragon\\www\\courses\\@core\\vendor\\laravel\\framework\\src\\Illuminate\\Http\\Response.php(69): Illuminate\\View\\View->render()
#20 C:\\laragon\\www\\courses\\@core\\vendor\\laravel\\framework\\src\\Illuminate\\Http\\Response.php(35): Illuminate\\Http\\Response->setContent(Object(Illuminate\\View\\View))
#21 C:\\laragon\\www\\courses\\@core\\vendor\\laravel\\framework\\src\\Illuminate\\Routing\\ResponseFactory.php(57): Illuminate\\Http\\Response->__construct(Object(Illuminate\\View\\View), 500, Array)
#22 C:\\laragon\\www\\courses\\@core\\vendor\\laravel\\framework\\src\\Illuminate\\Routing\\ResponseFactory.php(87): Illuminate\\Routing\\ResponseFactory->make(Object(Illuminate\\View\\View), 500, Array)
#23 C:\\laragon\\www\\courses\\@core\\vendor\\laravel\\framework\\src\\Illuminate\\Foundation\\Exceptions\\Handler.php(629): Illuminate\\Routing\\ResponseFactory->view('errors::500', Array, 500, Array)
#24 C:\\laragon\\www\\courses\\@core\\vendor\\laravel\\framework\\src\\Illuminate\\Foundation\\Exceptions\\Handler.php(554): Illuminate\\Foundation\\Exceptions\\Handler->renderHttpException(Object(Symfony\\Component\\HttpKernel\\Exception\\HttpException))
#25 C:\\laragon\\www\\courses\\@core\\vendor\\laravel\\framework\\src\\Illuminate\\Foundation\\Exceptions\\Handler.php(460): Illuminate\\Foundation\\Exceptions\\Handler->prepareResponse(Object(Illuminate\\Http\\Request), Object(Symfony\\Component\\HttpKernel\\Exception\\HttpException))
#26 C:\\laragon\\www\\courses\\@core\\vendor\\laravel\\framework\\src\\Illuminate\\Foundation\\Exceptions\\Handler.php(377): Illuminate\\Foundation\\Exceptions\\Handler->renderExceptionResponse(Object(Illuminate\\Http\\Request), Object(Spatie\\LaravelIgnition\\Exceptions\\ViewException))
#27 C:\\laragon\\www\\courses\\@core\\app\\Exceptions\\Handler.php(36): Illuminate\\Foundation\\Exceptions\\Handler->render(Object(Illuminate\\Http\\Request), Object(Spatie\\LaravelIgnition\\Exceptions\\ViewException))
#28 C:\\laragon\\www\\courses\\@core\\vendor\\laravel\\framework\\src\\Illuminate\\Foundation\\Bootstrap\\HandleExceptions.php(229): App\\Exceptions\\Handler->render(Object(Illuminate\\Http\\Request), Object(Illuminate\\View\\ViewException))
#29 C:\\laragon\\www\\courses\\@core\\vendor\\laravel\\framework\\src\\Illuminate\\Foundation\\Bootstrap\\HandleExceptions.php(206): Illuminate\\Foundation\\Bootstrap\\HandleExceptions->renderHttpResponse(Object(Illuminate\\View\\ViewException))
#30 C:\\laragon\\www\\courses\\@core\\vendor\\laravel\\framework\\src\\Illuminate\\Foundation\\Bootstrap\\HandleExceptions.php(266): Illuminate\\Foundation\\Bootstrap\\HandleExceptions->handleException(Object(Illuminate\\View\\ViewException))
#31 [internal function]: Illuminate\\Foundation\\Bootstrap\\HandleExceptions->Illuminate\\Foundation\\Bootstrap\\{closure}(Object(Illuminate\\View\\ViewException))
#32 {main}

Next Illuminate\\View\\ViewException: SQLSTATE[HY000] [2002] No connection could be made because the target machine actively refused it (SQL: select * from `languages` where `default` = 1 limit 1) (View: C:\\laragon\\www\\courses\\@core\\resources\\views\\errors\\500.blade.php) in C:\\laragon\\www\\courses\\@core\\vendor\\laravel\\framework\\src\\Illuminate\\Database\\Connection.php:760
Stack trace:
#0 C:\\laragon\\www\\courses\\@core\\vendor\\laravel\\framework\\src\\Illuminate\\View\\Engines\\PhpEngine.php(60): Illuminate\\View\\Engines\\CompilerEngine->handleViewException(Object(Illuminate\\Database\\QueryException), 2)
#1 C:\\laragon\\www\\courses\\@core\\vendor\\laravel\\framework\\src\\Illuminate\\View\\Engines\\CompilerEngine.php(70): Illuminate\\View\\Engines\\PhpEngine->evaluatePath('C:\\\\laragon\\\\www\\\\...', Array)
#2 C:\\laragon\\www\\courses\\@core\\vendor\\laravel\\framework\\src\\Illuminate\\View\\View.php(152): Illuminate\\View\\Engines\\CompilerEngine->get('C:\\\\laragon\\\\www\\\\...', Array)
#3 C:\\laragon\\www\\courses\\@core\\vendor\\laravel\\framework\\src\\Illuminate\\View\\View.php(135): Illuminate\\View\\View->getContents()
#4 C:\\laragon\\www\\courses\\@core\\vendor\\laravel\\framework\\src\\Illuminate\\View\\View.php(104): Illuminate\\View\\View->renderContents()
#5 C:\\laragon\\www\\courses\\@core\\vendor\\laravel\\framework\\src\\Illuminate\\Http\\Response.php(69): Illuminate\\View\\View->render()
#6 C:\\laragon\\www\\courses\\@core\\vendor\\laravel\\framework\\src\\Illuminate\\Http\\Response.php(35): Illuminate\\Http\\Response->setContent(Object(Illuminate\\View\\View))
#7 C:\\laragon\\www\\courses\\@core\\vendor\\laravel\\framework\\src\\Illuminate\\Routing\\ResponseFactory.php(57): Illuminate\\Http\\Response->__construct(Object(Illuminate\\View\\View), 500, Array)
#8 C:\\laragon\\www\\courses\\@core\\vendor\\laravel\\framework\\src\\Illuminate\\Routing\\ResponseFactory.php(87): Illuminate\\Routing\\ResponseFactory->make(Object(Illuminate\\View\\View), 500, Array)
#9 C:\\laragon\\www\\courses\\@core\\vendor\\laravel\\framework\\src\\Illuminate\\Foundation\\Exceptions\\Handler.php(629): Illuminate\\Routing\\ResponseFactory->view('errors::500', Array, 500, Array)
#10 C:\\laragon\\www\\courses\\@core\\vendor\\laravel\\framework\\src\\Illuminate\\Foundation\\Exceptions\\Handler.php(554): Illuminate\\Foundation\\Exceptions\\Handler->renderHttpException(Object(Symfony\\Component\\HttpKernel\\Exception\\HttpException))
#11 C:\\laragon\\www\\courses\\@core\\vendor\\laravel\\framework\\src\\Illuminate\\Foundation\\Exceptions\\Handler.php(460): Illuminate\\Foundation\\Exceptions\\Handler->prepareResponse(Object(Illuminate\\Http\\Request), Object(Symfony\\Component\\HttpKernel\\Exception\\HttpException))
#12 C:\\laragon\\www\\courses\\@core\\vendor\\laravel\\framework\\src\\Illuminate\\Foundation\\Exceptions\\Handler.php(377): Illuminate\\Foundation\\Exceptions\\Handler->renderExceptionResponse(Object(Illuminate\\Http\\Request), Object(Spatie\\LaravelIgnition\\Exceptions\\ViewException))
#13 C:\\laragon\\www\\courses\\@core\\app\\Exceptions\\Handler.php(36): Illuminate\\Foundation\\Exceptions\\Handler->render(Object(Illuminate\\Http\\Request), Object(Spatie\\LaravelIgnition\\Exceptions\\ViewException))
#14 C:\\laragon\\www\\courses\\@core\\vendor\\laravel\\framework\\src\\Illuminate\\Foundation\\Bootstrap\\HandleExceptions.php(229): App\\Exceptions\\Handler->render(Object(Illuminate\\Http\\Request), Object(Illuminate\\View\\ViewException))
#15 C:\\laragon\\www\\courses\\@core\\vendor\\laravel\\framework\\src\\Illuminate\\Foundation\\Bootstrap\\HandleExceptions.php(206): Illuminate\\Foundation\\Bootstrap\\HandleExceptions->renderHttpResponse(Object(Illuminate\\View\\ViewException))
#16 C:\\laragon\\www\\courses\\@core\\vendor\\laravel\\framework\\src\\Illuminate\\Foundation\\Bootstrap\\HandleExceptions.php(266): Illuminate\\Foundation\\Bootstrap\\HandleExceptions->handleException(Object(Illuminate\\View\\ViewException))
#17 [internal function]: Illuminate\\Foundation\\Bootstrap\\HandleExceptions->Illuminate\\Foundation\\Bootstrap\\{closure}(Object(Illuminate\\View\\ViewException))
#18 {main}
  thrown at C:\\laragon\\www\\courses\\@core\\vendor\\laravel\\framework\\src\\Illuminate\\Database\\Connection.php:760)
[stacktrace]
#0 {main}
"} 
